INFO: [VRFC 10-2263] Analyzing Verilog file "C:/Users/Mi/Desktop/term_project_1_2/project_1.gen/sources_1/ip/clk_wiz_0/clk_wiz_0_clk_wiz.v" into library xil_defaultlib
INFO: [VRFC 10-311] analyzing module clk_wiz_0_clk_wiz
INFO: [VRFC 10-2263] Analyzing Verilog file "C:/Users/Mi/Desktop/term_project_1_2/project_1.gen/sources_1/ip/clk_wiz_0/clk_wiz_0.v" into library xil_defaultlib
INFO: [VRFC 10-311] analyzing module clk_wiz_0
INFO: [VRFC 10-2263] Analyzing Verilog file "C:/Users/Mi/Desktop/term_project_1_2/project_1.srcs/sources_1/new/clock_buffer.v" into library xil_defaultlib
INFO: [VRFC 10-311] analyzing module clock_buffer
INFO: [VRFC 10-2263] Analyzing Verilog file "C:/Users/Mi/Desktop/term_project_1_2/project_1.srcs/sources_1/new/coin_buffer.v" into library xil_defaultlib
INFO: [VRFC 10-311] analyzing module coin_buffer
INFO: [VRFC 10-2263] Analyzing Verilog file "C:/Users/Mi/Desktop/term_project_1_2/project_1.srcs/sources_1/new/debouncer.v" into library xil_defaultlib
INFO: [VRFC 10-311] analyzing module debouncer
INFO: [VRFC 10-311] analyzing module dff
INFO: [VRFC 10-2263] Analyzing Verilog file "C:/Users/Mi/Desktop/term_project_1_2/project_1.srcs/sources_1/new/fsm_ctrlr.v" into library xil_defaultlib
INFO: [VRFC 10-311] analyzing module fsm_ctrlr
INFO: [VRFC 10-2263] Analyzing Verilog file "C:/Users/Mi/Desktop/term_project_1_2/project_1.srcs/sources_1/new/item_buffer.v" into library xil_defaultlib
INFO: [VRFC 10-311] analyzing module item_buffer
INFO: [VRFC 10-2263] Analyzing Verilog file "C:/Users/Mi/Desktop/term_project_1_2/project_1.srcs/sources_1/new/ssd.v" into library xil_defaultlib
INFO: [VRFC 10-311] analyzing module ssd
INFO: [VRFC 10-2263] Analyzing Verilog file "C:/Users/Mi/Desktop/term_project_1_2/project_1.srcs/sources_1/new/vending_machine.v" into library xil_defaultlib
INFO: [VRFC 10-311] analyzing module vending_machine
INFO: [VRFC 10-2263] Analyzing Verilog file "C:/Users/Mi/Desktop/term_project_1_2/project_1.sim/sim_1/behav/xsim/glbl.v" into library xil_defaultlib
INFO: [VRFC 10-311] analyzing module glbl
